<?xml version="1.0" encoding="UTF-8"?>
<!-- Generated by org.testng.reporters.JUnitReportReporter -->
<testsuite skipped="0" hostname="DESKTOP-1ADL3UG" name="testNGclasses.FirstTestNgClass" tests="1" failures="0" timestamp="07 May 2020 05:56:39 GMT" time="0.023" errors="0">
  <testcase name="hello" time="0.023" classname="testNGclasses.FirstTestNgClass"/>
</testsuite> <!-- testNGclasses.FirstTestNgClass -->
