<?xml version="1.0" encoding="UTF-8"?>
<!-- Generated by org.testng.reporters.JUnitReportReporter -->
<testsuite hostname="MaheshK" name="loginTS.LoginWithInValidData" tests="2" failures="0" timestamp="17 Sep 2016 11:42:49 GMT" time="24.210" errors="0">
  <testcase name="InvalidLogin" time="17.694" classname="loginTS.LoginWithInValidData"/>
  <testcase name="InvalidLogin" time="6.516" classname="loginTS.LoginWithInValidData"/>
</testsuite> <!-- loginTS.LoginWithInValidData -->
